0 info it worked if it ends with ok
1 verbose cli [ '/usr/local/bin/node', '/usr/local/bin/npm', 'start' ]
2 info using npm@2.15.11
3 info using node@v4.9.1
4 verbose run-script [ 'prestart', 'start', 'poststart' ]
5 info prestart hello-world-docker@1.0.0
6 info start hello-world-docker@1.0.0
7 verbose unsafe-perm in lifecycle true
8 info hello-world-docker@1.0.0 Failed to exec start script
9 verbose stack Error: hello-world-docker@1.0.0 start: `tsc src/server.ts && node src/server.js`
9 verbose stack spawn ENOENT
9 verbose stack     at ChildProcess.<anonymous> (/usr/local/lib/node_modules/npm/lib/utils/spawn.js:17:16)
9 verbose stack     at emitTwo (events.js:87:13)
9 verbose stack     at ChildProcess.emit (events.js:172:7)
9 verbose stack     at maybeClose (internal/child_process.js:862:16)
9 verbose stack     at Process.ChildProcess._handle.onexit (internal/child_process.js:222:5)
10 verbose pkgid hello-world-docker@1.0.0
11 verbose cwd /app
12 error Linux 4.19.104-microsoft-standard
13 error argv "/usr/local/bin/node" "/usr/local/bin/npm" "start"
14 error node v4.9.1
15 error npm  v2.15.11
16 error file sh
17 error code ELIFECYCLE
18 error errno ENOENT
19 error syscall spawn
20 error hello-world-docker@1.0.0 start: `tsc src/server.ts && node src/server.js`
20 error spawn ENOENT
21 error Failed at the hello-world-docker@1.0.0 start script 'tsc src/server.ts && node src/server.js'.
21 error This is most likely a problem with the hello-world-docker package,
21 error not with npm itself.
21 error Tell the author that this fails on your system:
21 error     tsc src/server.ts && node src/server.js
21 error You can get information on how to open an issue for this project with:
21 error     npm bugs hello-world-docker
21 error Or if that isn't available, you can get their info via:
21 error
21 error     npm owner ls hello-world-docker
21 error There is likely additional logging output above.
22 verbose exit [ 1, true ]
